e:\airplay_desktop\dll生成\rls_airplay\20190107\ck_airplay_9_26___rls(正式版)\mycrypt\mycrypt_win32\mycrypt\debug\vc141.pdb
e:\airplay_desktop\dll生成\rls_airplay\20190107\ck_airplay_9_26___rls(正式版)\mycrypt\mycrypt_win32\mycrypt\debug\vc141.idb
e:\airplay_desktop\dll生成\rls_airplay\20190107\ck_airplay_9_26___rls(正式版)\mycrypt\mycrypt_win32\mycrypt\debug\aes.obj
e:\airplay_desktop\dll生成\rls_airplay\20190107\ck_airplay_9_26___rls(正式版)\mycrypt\mycrypt_win32\mycrypt\debug\base64.obj
e:\airplay_desktop\dll生成\rls_airplay\20190107\ck_airplay_9_26___rls(正式版)\mycrypt\mycrypt_win32\mycrypt\debug\bigint.obj
e:\airplay_desktop\dll生成\rls_airplay\20190107\ck_airplay_9_26___rls(正式版)\mycrypt\mycrypt_win32\mycrypt\debug\curve25519-donna.obj
e:\airplay_desktop\dll生成\rls_airplay\20190107\ck_airplay_9_26___rls(正式版)\mycrypt\mycrypt_win32\mycrypt\debug\fe.obj
e:\airplay_desktop\dll生成\rls_airplay\20190107\ck_airplay_9_26___rls(正式版)\mycrypt\mycrypt_win32\mycrypt\debug\ge.obj
e:\airplay_desktop\dll生成\rls_airplay\20190107\ck_airplay_9_26___rls(正式版)\mycrypt\mycrypt_win32\mycrypt\debug\hmac.obj
e:\airplay_desktop\dll生成\rls_airplay\20190107\ck_airplay_9_26___rls(正式版)\mycrypt\mycrypt_win32\mycrypt\debug\key_exchange.obj
e:\airplay_desktop\dll生成\rls_airplay\20190107\ck_airplay_9_26___rls(正式版)\mycrypt\mycrypt_win32\mycrypt\debug\keypair.obj
e:\airplay_desktop\dll生成\rls_airplay\20190107\ck_airplay_9_26___rls(正式版)\mycrypt\mycrypt_win32\mycrypt\debug\md5.obj
e:\airplay_desktop\dll生成\rls_airplay\20190107\ck_airplay_9_26___rls(正式版)\mycrypt\mycrypt_win32\mycrypt\debug\new_aes.obj
e:\airplay_desktop\dll生成\rls_airplay\20190107\ck_airplay_9_26___rls(正式版)\mycrypt\mycrypt_win32\mycrypt\debug\rc4.obj
e:\airplay_desktop\dll生成\rls_airplay\20190107\ck_airplay_9_26___rls(正式版)\mycrypt\mycrypt_win32\mycrypt\debug\rsakey.obj
e:\airplay_desktop\dll生成\rls_airplay\20190107\ck_airplay_9_26___rls(正式版)\mycrypt\mycrypt_win32\mycrypt\debug\rsapem.obj
e:\airplay_desktop\dll生成\rls_airplay\20190107\ck_airplay_9_26___rls(正式版)\mycrypt\mycrypt_win32\mycrypt\debug\sc.obj
e:\airplay_desktop\dll生成\rls_airplay\20190107\ck_airplay_9_26___rls(正式版)\mycrypt\mycrypt_win32\mycrypt\debug\seed.obj
e:\airplay_desktop\dll生成\rls_airplay\20190107\ck_airplay_9_26___rls(正式版)\mycrypt\mycrypt_win32\mycrypt\debug\sha1.obj
e:\airplay_desktop\dll生成\rls_airplay\20190107\ck_airplay_9_26___rls(正式版)\mycrypt\mycrypt_win32\mycrypt\debug\sha512.obj
e:\airplay_desktop\dll生成\rls_airplay\20190107\ck_airplay_9_26___rls(正式版)\mycrypt\mycrypt_win32\mycrypt\debug\sign.obj
e:\airplay_desktop\dll生成\rls_airplay\20190107\ck_airplay_9_26___rls(正式版)\mycrypt\mycrypt_win32\mycrypt\debug\verify.obj
e:\airplay_desktop\dll生成\rls_airplay\20190107\ck_airplay_9_26___rls(正式版)\mycrypt\mycrypt_win32\mycrypt\debug\add_scalar.obj
e:\airplay_desktop\dll生成\rls_airplay\20190107\ck_airplay_9_26___rls(正式版)\mycrypt\mycrypt_win32\debug\mycrypt.ilk
e:\airplay_desktop\dll生成\rls_airplay\20190107\ck_airplay_9_26___rls(正式版)\mycrypt\mycrypt_win32\debug\mycrypt.dll
e:\airplay_desktop\dll生成\rls_airplay\20190107\ck_airplay_9_26___rls(正式版)\mycrypt\mycrypt_win32\debug\mycrypt.pdb
e:\airplay_desktop\dll生成\rls_airplay\20190107\ck_airplay_9_26___rls(正式版)\mycrypt\mycrypt_win32\debug\mycrypt.lib
e:\airplay_desktop\dll生成\rls_airplay\20190107\ck_airplay_9_26___rls(正式版)\mycrypt\mycrypt_win32\debug\mycrypt.exp
e:\airplay_desktop\dll生成\rls_airplay\20190107\ck_airplay_9_26___rls(正式版)\mycrypt\mycrypt_win32\mycrypt\debug\mycrypt.tlog\cl.command.1.tlog
e:\airplay_desktop\dll生成\rls_airplay\20190107\ck_airplay_9_26___rls(正式版)\mycrypt\mycrypt_win32\mycrypt\debug\mycrypt.tlog\cl.read.1.tlog
e:\airplay_desktop\dll生成\rls_airplay\20190107\ck_airplay_9_26___rls(正式版)\mycrypt\mycrypt_win32\mycrypt\debug\mycrypt.tlog\cl.write.1.tlog
e:\airplay_desktop\dll生成\rls_airplay\20190107\ck_airplay_9_26___rls(正式版)\mycrypt\mycrypt_win32\mycrypt\debug\mycrypt.tlog\link.command.1.tlog
e:\airplay_desktop\dll生成\rls_airplay\20190107\ck_airplay_9_26___rls(正式版)\mycrypt\mycrypt_win32\mycrypt\debug\mycrypt.tlog\link.read.1.tlog
e:\airplay_desktop\dll生成\rls_airplay\20190107\ck_airplay_9_26___rls(正式版)\mycrypt\mycrypt_win32\mycrypt\debug\mycrypt.tlog\link.write.1.tlog
e:\airplay_desktop\dll生成\rls_airplay\20190107\ck_airplay_9_26___rls(正式版)\mycrypt\mycrypt_win32\mycrypt\debug\mycrypt.tlog\mycrypt.write.1u.tlog
