  add_scalar.c
e:\airplay_desktop\dll生成\rls_airplay\20190107\ck_airplay_9_26___rls(正式版)\mycrypt\mycrypt_win32\ed25519\src\fixedint.h(26): warning C4142: "uint32_t": 类型的良性重定义
  e:\airplay_desktop\dll生成\rls_airplay\20190107\ck_airplay_9_26___rls(正式版)\mycrypt\mycrypt_win32\crypto\os_port.h(115): note: 参见“uint32_t”的声明
e:\airplay_desktop\dll生成\rls_airplay\20190107\ck_airplay_9_26___rls(正式版)\mycrypt\mycrypt_win32\ed25519\src\fixedint.h(37): warning C4142: "int32_t": 类型的良性重定义
  e:\airplay_desktop\dll生成\rls_airplay\20190107\ck_airplay_9_26___rls(正式版)\mycrypt\mycrypt_win32\crypto\os_port.h(116): note: 参见“int32_t”的声明
  aes.c
  base64.c
e:\airplay_desktop\dll生成\rls_airplay\20190107\ck_airplay_9_26___rls(正式版)\mycrypt\mycrypt_win32\crypto\base64.c(77): warning C4996: 'strncpy': This function or variable may be unsafe. Consider using strncpy_s instead. To disable deprecation, use _CRT_SECURE_NO_WARNINGS. See online help for details.
  c:\program files (x86)\windows kits\10\include\10.0.17763.0\ucrt\string.h(338): note: 参见“strncpy”的声明
  bigint.c
  curve25519-donna.c
e:\airplay_desktop\dll生成\rls_airplay\20190107\ck_airplay_9_26___rls(正式版)\mycrypt\mycrypt_win32\mycrypt\stdint.h(162): warning C4005: “SIZE_MAX”: 宏重定义
  c:\program files (x86)\microsoft visual studio\2017\community\vc\tools\msvc\14.16.27023\include\limits.h(76): note: 参见“SIZE_MAX”的前一个定义
  fe.c
e:\airplay_desktop\dll生成\rls_airplay\20190107\ck_airplay_9_26___rls(正式版)\mycrypt\mycrypt_win32\ed25519\src\fe.c(824): warning C4244: “=”: 从“int64_t”转换到“int32_t”，可能丢失数据
e:\airplay_desktop\dll生成\rls_airplay\20190107\ck_airplay_9_26___rls(正式版)\mycrypt\mycrypt_win32\ed25519\src\fe.c(825): warning C4244: “=”: 从“int64_t”转换到“int32_t”，可能丢失数据
e:\airplay_desktop\dll生成\rls_airplay\20190107\ck_airplay_9_26___rls(正式版)\mycrypt\mycrypt_win32\ed25519\src\fe.c(826): warning C4244: “=”: 从“int64_t”转换到“int32_t”，可能丢失数据
e:\airplay_desktop\dll生成\rls_airplay\20190107\ck_airplay_9_26___rls(正式版)\mycrypt\mycrypt_win32\ed25519\src\fe.c(827): warning C4244: “=”: 从“int64_t”转换到“int32_t”，可能丢失数据
e:\airplay_desktop\dll生成\rls_airplay\20190107\ck_airplay_9_26___rls(正式版)\mycrypt\mycrypt_win32\ed25519\src\fe.c(828): warning C4244: “=”: 从“int64_t”转换到“int32_t”，可能丢失数据
e:\airplay_desktop\dll生成\rls_airplay\20190107\ck_airplay_9_26___rls(正式版)\mycrypt\mycrypt_win32\ed25519\src\fe.c(829): warning C4244: “=”: 从“int64_t”转换到“int32_t”，可能丢失数据
e:\airplay_desktop\dll生成\rls_airplay\20190107\ck_airplay_9_26___rls(正式版)\mycrypt\mycrypt_win32\ed25519\src\fe.c(830): warning C4244: “=”: 从“int64_t”转换到“int32_t”，可能丢失数据
e:\airplay_desktop\dll生成\rls_airplay\20190107\ck_airplay_9_26___rls(正式版)\mycrypt\mycrypt_win32\ed25519\src\fe.c(831): warning C4244: “=”: 从“int64_t”转换到“int32_t”，可能丢失数据
e:\airplay_desktop\dll生成\rls_airplay\20190107\ck_airplay_9_26___rls(正式版)\mycrypt\mycrypt_win32\ed25519\src\fe.c(832): warning C4244: “=”: 从“int64_t”转换到“int32_t”，可能丢失数据
e:\airplay_desktop\dll生成\rls_airplay\20190107\ck_airplay_9_26___rls(正式版)\mycrypt\mycrypt_win32\ed25519\src\fe.c(833): warning C4244: “=”: 从“int64_t”转换到“int32_t”，可能丢失数据
  ge.c
  hmac.c
e:\airplay_desktop\dll生成\rls_airplay\20190107\ck_airplay_9_26___rls(正式版)\mycrypt\mycrypt_win32\ed25519\src\fixedint.h(26): warning C4142: "uint32_t": 类型的良性重定义
  e:\airplay_desktop\dll生成\rls_airplay\20190107\ck_airplay_9_26___rls(正式版)\mycrypt\mycrypt_win32\crypto\os_port.h(115): note: 参见“uint32_t”的声明
e:\airplay_desktop\dll生成\rls_airplay\20190107\ck_airplay_9_26___rls(正式版)\mycrypt\mycrypt_win32\ed25519\src\fixedint.h(37): warning C4142: "int32_t": 类型的良性重定义
  e:\airplay_desktop\dll生成\rls_airplay\20190107\ck_airplay_9_26___rls(正式版)\mycrypt\mycrypt_win32\crypto\os_port.h(116): note: 参见“int32_t”的声明
  key_exchange.c
e:\airplay_desktop\dll生成\rls_airplay\20190107\ck_airplay_9_26___rls(正式版)\mycrypt\mycrypt_win32\ed25519\src\fixedint.h(26): warning C4142: "uint32_t": 类型的良性重定义
  e:\airplay_desktop\dll生成\rls_airplay\20190107\ck_airplay_9_26___rls(正式版)\mycrypt\mycrypt_win32\crypto\os_port.h(115): note: 参见“uint32_t”的声明
e:\airplay_desktop\dll生成\rls_airplay\20190107\ck_airplay_9_26___rls(正式版)\mycrypt\mycrypt_win32\ed25519\src\fixedint.h(37): warning C4142: "int32_t": 类型的良性重定义
  e:\airplay_desktop\dll生成\rls_airplay\20190107\ck_airplay_9_26___rls(正式版)\mycrypt\mycrypt_win32\crypto\os_port.h(116): note: 参见“int32_t”的声明
  keypair.c
e:\airplay_desktop\dll生成\rls_airplay\20190107\ck_airplay_9_26___rls(正式版)\mycrypt\mycrypt_win32\ed25519\src\fixedint.h(26): warning C4142: "uint32_t": 类型的良性重定义
  e:\airplay_desktop\dll生成\rls_airplay\20190107\ck_airplay_9_26___rls(正式版)\mycrypt\mycrypt_win32\crypto\os_port.h(115): note: 参见“uint32_t”的声明
e:\airplay_desktop\dll生成\rls_airplay\20190107\ck_airplay_9_26___rls(正式版)\mycrypt\mycrypt_win32\ed25519\src\fixedint.h(37): warning C4142: "int32_t": 类型的良性重定义
  e:\airplay_desktop\dll生成\rls_airplay\20190107\ck_airplay_9_26___rls(正式版)\mycrypt\mycrypt_win32\crypto\os_port.h(116): note: 参见“int32_t”的声明
  md5.c
  new_aes.c
  rc4.c
  rsakey.c
e:\airplay_desktop\dll生成\rls_airplay\20190107\ck_airplay_9_26___rls(正式版)\mycrypt\mycrypt_win32\mycrypt\stdint.h(162): warning C4005: “SIZE_MAX”: 宏重定义
  c:\program files (x86)\microsoft visual studio\2017\community\vc\tools\msvc\14.16.27023\include\limits.h(76): note: 参见“SIZE_MAX”的前一个定义
e:\airplay_desktop\dll生成\rls_airplay\20190107\ck_airplay_9_26___rls(正式版)\mycrypt\mycrypt_win32\crypto\rsakey.c(192): warning C4013: “bi_crt”未定义；假设外部返回 int
e:\airplay_desktop\dll生成\rls_airplay\20190107\ck_airplay_9_26___rls(正式版)\mycrypt\mycrypt_win32\crypto\rsakey.c(194): warning C4047: “return”:“bigint *”与“int”的间接级别不同
  rsapem.c
  sc.c
  seed.c
  sha1.c
e:\airplay_desktop\dll生成\rls_airplay\20190107\ck_airplay_9_26___rls(正式版)\mycrypt\mycrypt_win32\crypto\sha1.c(256): warning C4101: “ret”: 未引用的局部变量
  sha512.c
e:\airplay_desktop\dll生成\rls_airplay\20190107\ck_airplay_9_26___rls(正式版)\mycrypt\mycrypt_win32\crypto\os_port.h(115): warning C4142: "uint32_t": 类型的良性重定义
  e:\airplay_desktop\dll生成\rls_airplay\20190107\ck_airplay_9_26___rls(正式版)\mycrypt\mycrypt_win32\ed25519\src\fixedint.h(26): note: 参见“uint32_t”的声明
e:\airplay_desktop\dll生成\rls_airplay\20190107\ck_airplay_9_26___rls(正式版)\mycrypt\mycrypt_win32\crypto\os_port.h(116): warning C4142: "int32_t": 类型的良性重定义
  e:\airplay_desktop\dll生成\rls_airplay\20190107\ck_airplay_9_26___rls(正式版)\mycrypt\mycrypt_win32\ed25519\src\fixedint.h(37): note: 参见“int32_t”的声明
  sign.c
e:\airplay_desktop\dll生成\rls_airplay\20190107\ck_airplay_9_26___rls(正式版)\mycrypt\mycrypt_win32\ed25519\src\fixedint.h(26): warning C4142: "uint32_t": 类型的良性重定义
  e:\airplay_desktop\dll生成\rls_airplay\20190107\ck_airplay_9_26___rls(正式版)\mycrypt\mycrypt_win32\crypto\os_port.h(115): note: 参见“uint32_t”的声明
e:\airplay_desktop\dll生成\rls_airplay\20190107\ck_airplay_9_26___rls(正式版)\mycrypt\mycrypt_win32\ed25519\src\fixedint.h(37): warning C4142: "int32_t": 类型的良性重定义
  e:\airplay_desktop\dll生成\rls_airplay\20190107\ck_airplay_9_26___rls(正式版)\mycrypt\mycrypt_win32\crypto\os_port.h(116): note: 参见“int32_t”的声明
  正在编译...
  verify.c
e:\airplay_desktop\dll生成\rls_airplay\20190107\ck_airplay_9_26___rls(正式版)\mycrypt\mycrypt_win32\ed25519\src\fixedint.h(26): warning C4142: "uint32_t": 类型的良性重定义
  e:\airplay_desktop\dll生成\rls_airplay\20190107\ck_airplay_9_26___rls(正式版)\mycrypt\mycrypt_win32\crypto\os_port.h(115): note: 参见“uint32_t”的声明
e:\airplay_desktop\dll生成\rls_airplay\20190107\ck_airplay_9_26___rls(正式版)\mycrypt\mycrypt_win32\ed25519\src\fixedint.h(37): warning C4142: "int32_t": 类型的良性重定义
  e:\airplay_desktop\dll生成\rls_airplay\20190107\ck_airplay_9_26___rls(正式版)\mycrypt\mycrypt_win32\crypto\os_port.h(116): note: 参见“int32_t”的声明
    正在创建库 E:\Airplay_desktop\dll生成\rls_Airplay\20190107\ck_AirPlay_9_26___rls(正式版)\MyCrypt\mycrypt_win32\Release\mycrypt.lib 和对象 E:\Airplay_desktop\dll生成\rls_Airplay\20190107\ck_AirPlay_9_26___rls(正式版)\MyCrypt\mycrypt_win32\Release\mycrypt.exp
aes.obj : error LNK2001: 无法解析的外部符号 _htonl@4
aes.obj : error LNK2001: 无法解析的外部符号 _ntohl@4
rsakey.obj : error LNK2001: 无法解析的外部符号 _bi_crt
E:\Airplay_desktop\dll生成\rls_Airplay\20190107\ck_AirPlay_9_26___rls(正式版)\MyCrypt\mycrypt_win32\Release\mycrypt.dll : fatal error LNK1120: 3 个无法解析的外部命令
