e:\airplay_desktop\dll生成\rls_airplay\20190107\ck_airplay_9_26___rls(正式版)\mycrypt\mycrypt_win32\mycrypt\release\vc141.pdb
e:\airplay_desktop\dll生成\rls_airplay\20190107\ck_airplay_9_26___rls(正式版)\mycrypt\mycrypt_win32\mycrypt\release\sign.obj
e:\airplay_desktop\dll生成\rls_airplay\20190107\ck_airplay_9_26___rls(正式版)\mycrypt\mycrypt_win32\mycrypt\release\sha512.obj
e:\airplay_desktop\dll生成\rls_airplay\20190107\ck_airplay_9_26___rls(正式版)\mycrypt\mycrypt_win32\mycrypt\release\sha1.obj
e:\airplay_desktop\dll生成\rls_airplay\20190107\ck_airplay_9_26___rls(正式版)\mycrypt\mycrypt_win32\mycrypt\release\seed.obj
e:\airplay_desktop\dll生成\rls_airplay\20190107\ck_airplay_9_26___rls(正式版)\mycrypt\mycrypt_win32\mycrypt\release\sc.obj
e:\airplay_desktop\dll生成\rls_airplay\20190107\ck_airplay_9_26___rls(正式版)\mycrypt\mycrypt_win32\mycrypt\release\rsapem.obj
e:\airplay_desktop\dll生成\rls_airplay\20190107\ck_airplay_9_26___rls(正式版)\mycrypt\mycrypt_win32\mycrypt\release\rsakey.obj
e:\airplay_desktop\dll生成\rls_airplay\20190107\ck_airplay_9_26___rls(正式版)\mycrypt\mycrypt_win32\mycrypt\release\rc4.obj
e:\airplay_desktop\dll生成\rls_airplay\20190107\ck_airplay_9_26___rls(正式版)\mycrypt\mycrypt_win32\mycrypt\release\new_aes.obj
e:\airplay_desktop\dll生成\rls_airplay\20190107\ck_airplay_9_26___rls(正式版)\mycrypt\mycrypt_win32\mycrypt\release\md5.obj
e:\airplay_desktop\dll生成\rls_airplay\20190107\ck_airplay_9_26___rls(正式版)\mycrypt\mycrypt_win32\mycrypt\release\keypair.obj
e:\airplay_desktop\dll生成\rls_airplay\20190107\ck_airplay_9_26___rls(正式版)\mycrypt\mycrypt_win32\mycrypt\release\key_exchange.obj
e:\airplay_desktop\dll生成\rls_airplay\20190107\ck_airplay_9_26___rls(正式版)\mycrypt\mycrypt_win32\mycrypt\release\hmac.obj
e:\airplay_desktop\dll生成\rls_airplay\20190107\ck_airplay_9_26___rls(正式版)\mycrypt\mycrypt_win32\mycrypt\release\ge.obj
e:\airplay_desktop\dll生成\rls_airplay\20190107\ck_airplay_9_26___rls(正式版)\mycrypt\mycrypt_win32\mycrypt\release\fe.obj
e:\airplay_desktop\dll生成\rls_airplay\20190107\ck_airplay_9_26___rls(正式版)\mycrypt\mycrypt_win32\mycrypt\release\curve25519-donna.obj
e:\airplay_desktop\dll生成\rls_airplay\20190107\ck_airplay_9_26___rls(正式版)\mycrypt\mycrypt_win32\mycrypt\release\bigint.obj
e:\airplay_desktop\dll生成\rls_airplay\20190107\ck_airplay_9_26___rls(正式版)\mycrypt\mycrypt_win32\mycrypt\release\base64.obj
e:\airplay_desktop\dll生成\rls_airplay\20190107\ck_airplay_9_26___rls(正式版)\mycrypt\mycrypt_win32\mycrypt\release\aes.obj
e:\airplay_desktop\dll生成\rls_airplay\20190107\ck_airplay_9_26___rls(正式版)\mycrypt\mycrypt_win32\mycrypt\release\add_scalar.obj
e:\airplay_desktop\dll生成\rls_airplay\20190107\ck_airplay_9_26___rls(正式版)\mycrypt\mycrypt_win32\mycrypt\release\verify.obj
e:\airplay_desktop\dll生成\rls_airplay\20190107\ck_airplay_9_26___rls(正式版)\mycrypt\mycrypt_win32\mycrypt\release\mycrypt.tlog\cl.command.1.tlog
e:\airplay_desktop\dll生成\rls_airplay\20190107\ck_airplay_9_26___rls(正式版)\mycrypt\mycrypt_win32\mycrypt\release\mycrypt.tlog\cl.read.1.tlog
e:\airplay_desktop\dll生成\rls_airplay\20190107\ck_airplay_9_26___rls(正式版)\mycrypt\mycrypt_win32\mycrypt\release\mycrypt.tlog\cl.write.1.tlog
e:\airplay_desktop\dll生成\rls_airplay\20190107\ck_airplay_9_26___rls(正式版)\mycrypt\mycrypt_win32\mycrypt\release\mycrypt.tlog\link.command.1.tlog
e:\airplay_desktop\dll生成\rls_airplay\20190107\ck_airplay_9_26___rls(正式版)\mycrypt\mycrypt_win32\mycrypt\release\mycrypt.tlog\link.read.1.tlog
e:\airplay_desktop\dll生成\rls_airplay\20190107\ck_airplay_9_26___rls(正式版)\mycrypt\mycrypt_win32\mycrypt\release\mycrypt.tlog\link.write.1.tlog
