c:\users\administrator\desktop\dll生成\rls_airplay\ck_airplay_9_26___rls(正式版)\airplaysdkexample\debug\vc141.pdb
c:\users\administrator\desktop\dll生成\rls_airplay\ck_airplay_9_26___rls(正式版)\airplaysdkexample\debug\vc141.idb
c:\users\administrator\desktop\dll生成\rls_airplay\ck_airplay_9_26___rls(正式版)\airplaysdkexample\debug\xdw_lock.obj
c:\users\administrator\desktop\dll生成\rls_airplay\ck_airplay_9_26___rls(正式版)\airplaysdkexample\debug\xdw_list.obj
c:\users\administrator\desktop\dll生成\rls_airplay\ck_airplay_9_26___rls(正式版)\airplaysdkexample\debug\videosource.obj
c:\users\administrator\desktop\dll生成\rls_airplay\ck_airplay_9_26___rls(正式版)\airplaysdkexample\debug\xindawn-airplay-sdk-example.ilk
c:\users\administrator\desktop\dll生成\rls_airplay\ck_airplay_9_26___rls(正式版)\airplaysdkexample\debug\xindawn-airplay-sdk-example.exe
c:\users\administrator\desktop\dll生成\rls_airplay\ck_airplay_9_26___rls(正式版)\airplaysdkexample\debug\xindawn-airplay-sdk-example.pdb
e:\airplay_desktop\dll生成\rls_airplay\20190107\ck_airplay_9_26___rls(正式版)\airplaysdkexample\debug\videosource.obj
e:\airplay_desktop\dll生成\rls_airplay\20190107\ck_airplay_9_26___rls(正式版)\airplaysdkexample\debug\xdw_list.obj
e:\airplay_desktop\dll生成\rls_airplay\20190107\ck_airplay_9_26___rls(正式版)\airplaysdkexample\debug\xdw_lock.obj
e:\airplay_desktop\dll生成\rls_airplay\20190107\ck_airplay_9_26___rls(正式版)\airplaysdkexample\debug\airplay.ilk
e:\airplay_desktop\dll生成\rls_airplay\20190107\ck_airplay_9_26___rls(正式版)\airplaysdkexample\debug\mycrypt.ilk
e:\airplay_desktop\dll生成\rls_airplay\20190107\ck_airplay_9_26___rls(正式版)\airplaysdkexample\debug\xindawn-airplay-sdk-example.ilk
e:\airplay_desktop\dll生成\rls_airplay\20190107\ck_airplay_9_26___rls(正式版)\airplaysdkexample\debug\airplay.exp
e:\airplay_desktop\dll生成\rls_airplay\20190107\ck_airplay_9_26___rls(正式版)\airplaysdkexample\debug\mycrypt.exp
e:\airplay_desktop\dll生成\rls_airplay\20190107\ck_airplay_9_26___rls(正式版)\airplaysdkexample\debug\vc141.idb
e:\airplay_desktop\dll生成\rls_airplay\20190107\ck_airplay_9_26___rls(正式版)\airplaysdkexample\debug\airplay.pdb
e:\airplay_desktop\dll生成\rls_airplay\20190107\ck_airplay_9_26___rls(正式版)\airplaysdkexample\debug\mycrypt.pdb
e:\airplay_desktop\dll生成\rls_airplay\20190107\ck_airplay_9_26___rls(正式版)\airplaysdkexample\debug\vc141.pdb
e:\airplay_desktop\dll生成\rls_airplay\20190107\ck_airplay_9_26___rls(正式版)\airplaysdkexample\debug\xindawn-airplay-sdk-example.pdb
e:\airplay_desktop\dll生成\rls_airplay\20190107\ck_airplay_9_26___rls(正式版)\airplaysdkexample\debug\xindawn-airplay-sdk-example.exe
e:\airplay_desktop\dll生成\rls_airplay\20190107\ck_airplay_9_26___rls(正式版)\airplaysdkexample\debug\xindawn-.038bd231.tlog\cl.command.1.tlog
e:\airplay_desktop\dll生成\rls_airplay\20190107\ck_airplay_9_26___rls(正式版)\airplaysdkexample\debug\xindawn-.038bd231.tlog\cl.read.1.tlog
e:\airplay_desktop\dll生成\rls_airplay\20190107\ck_airplay_9_26___rls(正式版)\airplaysdkexample\debug\xindawn-.038bd231.tlog\cl.write.1.tlog
e:\airplay_desktop\dll生成\rls_airplay\20190107\ck_airplay_9_26___rls(正式版)\airplaysdkexample\debug\xindawn-.038bd231.tlog\link.command.1.tlog
e:\airplay_desktop\dll生成\rls_airplay\20190107\ck_airplay_9_26___rls(正式版)\airplaysdkexample\debug\xindawn-.038bd231.tlog\link.read.1.tlog
e:\airplay_desktop\dll生成\rls_airplay\20190107\ck_airplay_9_26___rls(正式版)\airplaysdkexample\debug\xindawn-.038bd231.tlog\link.write.1.tlog
